<?xml version="1.0" encoding="UTF-8"?>
<!-- Generated by org.testng.reporters.JUnitReportReporter -->
<testsuite hostname="MSI" failures="0" tests="1" name="UiAutomation.UiTestScript" time="21.797" errors="0" timestamp="2023-07-14T15:53:15 IST" skipped="0">
  <testcase classname="UiAutomation.UiTestScript" name="UiAutomationScript" time="21.797"/>
  <system-out/>
</testsuite> <!-- UiAutomation.UiTestScript -->
